<?xml version="1.0" encoding="UTF-8"?>
<!-- Generated by org.testng.reporters.JUnitReportReporter -->
<testsuite hostname="Ciarans-MBP.station" failures="0" tests="1" name="com.codewithciaran.Test_BaseSetup.Tests" time="0.947" errors="0" timestamp="2023-07-15T20:34:04 IST" skipped="0">
  <testcase classname="com.codewithciaran.Test_BaseSetup.Tests" name="Test1" time="0.947"/>
  <system-out/>
</testsuite> <!-- com.codewithciaran.Test_BaseSetup.Tests -->
